<?xml version="1.0" encoding="UTF-8" ?>
<testsuite tests="4" failures="0" name="com.lin.maven.ImperialCourtTest" time="1.308" errors="0" skipped="0">
  <properties>
[...]
</properties>
  <testcase classname="com.lin.maven.ImperialCourtTest" name="testGetSingleBean" time="1.302"/>
  <testcase classname="com.lin.maven.ImperialCourtTest" name="testGetBeanList" time="0.002"/>
  <testcase classname="com.lin.maven.ImperialCourtTest" name="testGetConnection" time="0"/>
  <testcase classname="com.lin.maven.ImperialCourtTest" name="testUpdate" time="0.004"/>
</testsuite>